0 info it worked if it ends with ok
1 verbose cli [ 'c:\\Program Files (x86)\\nodejs\\node.exe',
1 verbose cli   'c:\\Program Files (x86)\\nodejs\\node_modules\\npm\\bin\\npm-cli.js',
1 verbose cli   'instal' ]
2 info using npm@1.4.9
3 info using node@v0.10.28
4 warn package.json CANHost@0.0.2 No repository field.
5 verbose readDependencies using package.json deps
6 verbose install where, deps [ 'C:\\Users\\Sarah\\workspace\\CANHost',
6 verbose install   [ 'bindings', 'socket.io' ] ]
7 info preinstall CANHost@0.0.2
8 verbose readDependencies using package.json deps
9 verbose already installed skipping bindings@1.2.0 C:\Users\Sarah\workspace\CANHost
10 verbose already installed skipping socket.io@~0.9.16 C:\Users\Sarah\workspace\CANHost
11 silly resolved []
12 info build C:\Users\Sarah\workspace\CANHost
13 verbose linkStuff [ false, false, false, 'C:\\Users\\Sarah\\workspace' ]
14 info linkStuff CANHost@0.0.2
15 verbose linkBins CANHost@0.0.2
16 verbose linkMans CANHost@0.0.2
17 verbose rebuildBundles CANHost@0.0.2
18 verbose rebuildBundles [ 'bindings', 'socket.io' ]
19 info install CANHost@0.0.2
20 verbose unsafe-perm in lifecycle true
21 info CANHost@0.0.2 Failed to exec install script
22 error CANHost@0.0.2 install: `node-gyp rebuild`
22 error Exit status 1
23 error Failed at the CANHost@0.0.2 install script.
23 error This is most likely a problem with the CANHost package,
23 error not with npm itself.
23 error Tell the author that this fails on your system:
23 error     node-gyp rebuild
23 error You can get their info via:
23 error     npm owner ls CANHost
23 error There is likely additional logging output above.
24 error System Windows_NT 6.1.7601
25 error command "c:\\Program Files (x86)\\nodejs\\node.exe" "c:\\Program Files (x86)\\nodejs\\node_modules\\npm\\bin\\npm-cli.js" "instal"
26 error cwd C:\Users\Sarah\workspace\CANHost
27 error node -v v0.10.28
28 error npm -v 1.4.9
29 error code ELIFECYCLE
30 verbose exit [ 1, true ]
